12:08:04.539 INFO - Launching a standalone Selenium Server
12:08:04.568 INFO - Java: Oracle Corporation 25.45-b02
12:08:04.569 INFO - OS: Mac OS X 10.10.5 x86_64
12:08:04.578 INFO - v2.47.1, with Core v2.47.1. Built from revision 411b314
12:08:04.632 INFO - Driver provider org.openqa.selenium.ie.InternetExplorerDriver registration is skipped:
registration capabilities Capabilities [{ensureCleanSession=true, browserName=internet explorer, version=, platform=WINDOWS}] does not match the current platform MAC
12:08:04.632 INFO - Driver provider org.openqa.selenium.edge.EdgeDriver registration is skipped:
registration capabilities Capabilities [{browserName=MicrosoftEdge, version=, platform=WINDOWS}] does not match the current platform MAC
12:08:04.632 INFO - Driver class not found: com.opera.core.systems.OperaDriver
12:08:04.632 INFO - Driver provider com.opera.core.systems.OperaDriver is not registered
12:08:04.694 INFO - RemoteWebDriver instances should connect to: http://127.0.0.1:4444/wd/hub
12:08:04.694 INFO - Selenium Server is up and running
12:08:04.903 INFO - Executing: [new session: Capabilities [{acceptSslCerts=true, name=Sample, browserName=chrome, javascriptEnabled=true, platform=ANY}]])
12:08:04.911 INFO - Creating a new session for Capabilities [{acceptSslCerts=true, name=Sample, browserName=chrome, javascriptEnabled=true, platform=ANY}]
Starting ChromeDriver 2.13.307650 (feffe1dd547ee7b5c16d38784cd0cd679dfd7850) on port 9289
Only local connections are allowed.
12:08:06.296 INFO - Done: [new session: Capabilities [{acceptSslCerts=true, name=Sample, browserName=chrome, javascriptEnabled=true, platform=ANY}]]
12:08:06.313 INFO - Executing: [get: http://www.expedia.com])
12:08:23.777 INFO - Done: [get: http://www.expedia.com]
12:08:23.787 INFO - Executing: [find elements: By.cssSelector: body])
12:08:23.822 INFO - Done: [find elements: By.cssSelector: body]
12:08:23.835 INFO - Executing: [find element: By.cssSelector: #primary-header-mobile])
12:08:23.866 INFO - Done: [find element: By.cssSelector: #primary-header-mobile]
12:08:23.871 INFO - Executing: [get text: 1 [[ChromeDriver: chrome on MAC (ff3f2c603e97845d953ca814db9409b2)] -> css selector: #primary-header-mobile]])
12:08:23.902 INFO - Done: [get text: 1 [[ChromeDriver: chrome on MAC (ff3f2c603e97845d953ca814db9409b2)] -> css selector: #primary-header-mobile]]
12:08:23.910 INFO - Executing: [find element: By.cssSelector: button[id=search-button]])
12:08:23.931 INFO - Done: [find element: By.cssSelector: button[id=search-button]]
12:08:23.935 INFO - Executing: [click: 2 [[ChromeDriver: chrome on MAC (ff3f2c603e97845d953ca814db9409b2)] -> css selector: button[id=search-button]]])
12:08:45.325 INFO - Done: [click: 2 [[ChromeDriver: chrome on MAC (ff3f2c603e97845d953ca814db9409b2)] -> css selector: button[id=search-button]]]
12:08:45.330 INFO - Executing: [find elements: By.cssSelector: #package-errors])
12:08:45.347 INFO - Done: [find elements: By.cssSelector: #package-errors]
12:08:45.354 INFO - Executing: [find element: By.cssSelector: #package-errors])
12:08:45.369 INFO - Done: [find element: By.cssSelector: #package-errors]
12:08:45.372 INFO - Executing: [get element attribute: 3 [[ChromeDriver: chrome on MAC (ff3f2c603e97845d953ca814db9409b2)] -> css selector: #package-errors], tabindex])
12:08:45.380 INFO - Done: [get element attribute: 3 [[ChromeDriver: chrome on MAC (ff3f2c603e97845d953ca814db9409b2)] -> css selector: #package-errors], tabindex]
12:08:45.385 INFO - Executing: [find element: By.cssSelector: #appDLphoneNumber])
12:08:45.401 INFO - Done: [find element: By.cssSelector: #appDLphoneNumber]
12:08:45.405 INFO - Executing: [get element attribute: 4 [[ChromeDriver: chrome on MAC (ff3f2c603e97845d953ca814db9409b2)] -> css selector: #appDLphoneNumber], class])
12:08:45.412 INFO - Done: [get element attribute: 4 [[ChromeDriver: chrome on MAC (ff3f2c603e97845d953ca814db9409b2)] -> css selector: #appDLphoneNumber], class]
12:08:45.415 INFO - Executing: [find element: By.cssSelector: #appDLphoneNumber])
12:08:45.429 INFO - Done: [find element: By.cssSelector: #appDLphoneNumber]
12:08:45.431 INFO - Executing: [get element attribute: 4 [[ChromeDriver: chrome on MAC (ff3f2c603e97845d953ca814db9409b2)] -> css selector: #appDLphoneNumber], style])
12:08:45.441 INFO - Done: [get element attribute: 4 [[ChromeDriver: chrome on MAC (ff3f2c603e97845d953ca814db9409b2)] -> css selector: #appDLphoneNumber], style]
12:08:45.444 INFO - Executing: [find element: By.cssSelector: #appDLphoneNumber])
12:08:45.451 INFO - Done: [find element: By.cssSelector: #appDLphoneNumber]
12:08:45.455 INFO - Executing: [get element attribute: 4 [[ChromeDriver: chrome on MAC (ff3f2c603e97845d953ca814db9409b2)] -> css selector: #appDLphoneNumber], placeholder])
12:08:45.464 INFO - Done: [get element attribute: 4 [[ChromeDriver: chrome on MAC (ff3f2c603e97845d953ca814db9409b2)] -> css selector: #appDLphoneNumber], placeholder]
12:08:45.472 INFO - Executing: [execute script: document.getElementById("package-1-adults").options[3].selected=true, []])
12:08:45.477 INFO - Done: [execute script: document.getElementById("package-1-adults").options[3].selected=true, []]
12:08:45.481 INFO - Executing: [find element: By.cssSelector: #package-returning])
12:08:45.498 INFO - Done: [find element: By.cssSelector: #package-returning]
12:08:45.505 INFO - Executing: [send keys: 5 [[ChromeDriver: chrome on MAC (ff3f2c603e97845d953ca814db9409b2)] -> css selector: #package-returning], [1, 2, /, 1, 9, /, 2, 0, 1, 5]])
12:08:45.600 INFO - Done: [send keys: 5 [[ChromeDriver: chrome on MAC (ff3f2c603e97845d953ca814db9409b2)] -> css selector: #package-returning], [1, 2, /, 1, 9, /, 2, 0, 1, 5]]
12:08:45.605 INFO - Executing: [find element: By.cssSelector: #package-departing])
12:08:45.620 INFO - Done: [find element: By.cssSelector: #package-departing]
12:08:45.624 INFO - Executing: [send keys: 6 [[ChromeDriver: chrome on MAC (ff3f2c603e97845d953ca814db9409b2)] -> css selector: #package-departing], [1, 2, /, 1, 8, /, 2, 0, 1, 5]])
12:08:45.693 INFO - Done: [send keys: 6 [[ChromeDriver: chrome on MAC (ff3f2c603e97845d953ca814db9409b2)] -> css selector: #package-departing], [1, 2, /, 1, 8, /, 2, 0, 1, 5]]
12:08:45.696 INFO - Executing: [find element: By.cssSelector: #package-origin])
12:08:45.708 INFO - Done: [find element: By.cssSelector: #package-origin]
12:08:45.711 INFO - Executing: [send keys: 7 [[ChromeDriver: chrome on MAC (ff3f2c603e97845d953ca814db9409b2)] -> css selector: #package-origin], [S, E, A]])
12:08:45.774 INFO - Done: [send keys: 7 [[ChromeDriver: chrome on MAC (ff3f2c603e97845d953ca814db9409b2)] -> css selector: #package-origin], [S, E, A]]
12:08:45.776 INFO - Executing: [find element: By.cssSelector: #package-destination])
12:08:45.893 INFO - Done: [find element: By.cssSelector: #package-destination]
12:08:45.896 INFO - Executing: [send keys: 8 [[ChromeDriver: chrome on MAC (ff3f2c603e97845d953ca814db9409b2)] -> css selector: #package-destination], [S, F, O]])
12:08:45.951 INFO - Done: [send keys: 8 [[ChromeDriver: chrome on MAC (ff3f2c603e97845d953ca814db9409b2)] -> css selector: #package-destination], [S, F, O]]
12:08:45.956 INFO - Executing: [find element: By.xpath: //*[@id='tab-hotel-tab']/span[1]])
12:08:46.002 INFO - Done: [find element: By.xpath: //*[@id='tab-hotel-tab']/span[1]]
12:08:46.006 INFO - Executing: [click: 9 [[ChromeDriver: chrome on MAC (ff3f2c603e97845d953ca814db9409b2)] -> xpath: //*[@id='tab-hotel-tab']/span[1]]])
12:08:46.044 INFO - Done: [click: 9 [[ChromeDriver: chrome on MAC (ff3f2c603e97845d953ca814db9409b2)] -> xpath: //*[@id='tab-hotel-tab']/span[1]]]
12:08:46.048 INFO - Executing: [find element: By.xpath: //*[@id='tab-flight-tab']/span[1]])
12:08:46.164 INFO - Done: [find element: By.xpath: //*[@id='tab-flight-tab']/span[1]]
12:08:46.166 INFO - Executing: [click: 10 [[ChromeDriver: chrome on MAC (ff3f2c603e97845d953ca814db9409b2)] -> xpath: //*[@id='tab-flight-tab']/span[1]]])
12:08:46.195 INFO - Done: [click: 10 [[ChromeDriver: chrome on MAC (ff3f2c603e97845d953ca814db9409b2)] -> xpath: //*[@id='tab-flight-tab']/span[1]]]
12:08:46.201 INFO - Executing: [find element: By.xpath: //*[@id='tab-package-tab']])
12:08:46.284 INFO - Done: [find element: By.xpath: //*[@id='tab-package-tab']]
12:08:46.287 INFO - Executing: [click: 11 [[ChromeDriver: chrome on MAC (ff3f2c603e97845d953ca814db9409b2)] -> xpath: //*[@id='tab-package-tab']]])
12:08:46.315 INFO - Done: [click: 11 [[ChromeDriver: chrome on MAC (ff3f2c603e97845d953ca814db9409b2)] -> xpath: //*[@id='tab-package-tab']]]
12:08:46.320 INFO - Executing: [find element: By.cssSelector: button[id=search-button]])
12:08:46.421 INFO - Done: [find element: By.cssSelector: button[id=search-button]]
12:08:46.423 INFO - Executing: [click: 12 [[ChromeDriver: chrome on MAC (ff3f2c603e97845d953ca814db9409b2)] -> css selector: button[id=search-button]]])
12:08:46.508 INFO - Done: [click: 12 [[ChromeDriver: chrome on MAC (ff3f2c603e97845d953ca814db9409b2)] -> css selector: button[id=search-button]]]
12:08:46.512 INFO - Executing: [get: http://expedia.com/Hotels])
12:08:54.267 INFO - Done: [get: http://expedia.com/Hotels]
12:08:54.270 INFO - Executing: [find element: By.cssSelector: #all-in-hotel-header-link])
12:08:54.282 INFO - Done: [find element: By.cssSelector: #all-in-hotel-header-link]
12:08:54.285 INFO - Executing: [get element attribute: 13 [[ChromeDriver: chrome on MAC (ff3f2c603e97845d953ca814db9409b2)] -> css selector: #all-in-hotel-header-link], class])
12:08:54.292 INFO - Done: [get element attribute: 13 [[ChromeDriver: chrome on MAC (ff3f2c603e97845d953ca814db9409b2)] -> css selector: #all-in-hotel-header-link], class]
12:08:54.295 INFO - Executing: [find element: By.cssSelector: #primary-header-hotel])
12:08:54.307 INFO - Done: [find element: By.cssSelector: #primary-header-hotel]
12:08:54.309 INFO - Executing: [get element attribute: 14 [[ChromeDriver: chrome on MAC (ff3f2c603e97845d953ca814db9409b2)] -> css selector: #primary-header-hotel], data-onclick])
12:08:54.316 INFO - Done: [get element attribute: 14 [[ChromeDriver: chrome on MAC (ff3f2c603e97845d953ca814db9409b2)] -> css selector: #primary-header-hotel], data-onclick]
12:08:54.319 INFO - Executing: [delete session: 91d1541b-16fe-41b9-8c97-eeda651fce29])
12:08:54.896 INFO - Done: [delete session: 91d1541b-16fe-41b9-8c97-eeda651fce29]
